<?xml version="1.0" encoding="UTF-8"?>
<testng-results ignored="0" total="1" passed="1" failed="0" skipped="0">
  <reporter-output>
  </reporter-output>
  <suite started-at="2019-12-08T00:12:00Z" name="Suite" finished-at="2019-12-08T00:12:00Z" duration-ms="20">
    <groups>
    </groups>
    <test started-at="2019-12-08T00:12:00Z" name="Test" finished-at="2019-12-08T00:12:00Z" duration-ms="20">
      <class name="com.maven.app.SeleniumTest">
        <test-method signature="sel()[pri:0, instance:com.maven.app.SeleniumTest@13bc8645]" started-at="2019-12-08T00:12:00Z" name="sel" finished-at="2019-12-08T00:12:00Z" duration-ms="2" status="PASS">
          <reporter-output>
          </reporter-output>
        </test-method> <!-- sel -->
      </class> <!-- com.maven.app.SeleniumTest -->
    </test> <!-- Test -->
  </suite> <!-- Suite -->
</testng-results>
